This is pdfTeX, Version 3.141592653-2.6-1.40.23 (TeX Live 2021/W32TeX) (preloaded format=pdflatex 2021.10.31)  10 JAN 2022 01:11
entering extended mode
 \write18 enabled.
 %&-line parsing enabled.
**writeup.tex
(./writeup.tex
LaTeX2e <2021-06-01> patch level 1
L3 programming layer <2021-10-18>
(e:/texlive/2021/texmf-dist/tex/latex/base/article.cls
Document Class: article 2021/02/12 v1.4n Standard LaTeX document class
(e:/texlive/2021/texmf-dist/tex/latex/base/size10.clo
File: size10.clo 2021/02/12 v1.4n Standard LaTeX file (size option)
)
\c@part=\count182
\c@section=\count183
\c@subsection=\count184
\c@subsubsection=\count185
\c@paragraph=\count186
\c@subparagraph=\count187
\c@figure=\count188
\c@table=\count189
\abovecaptionskip=\skip47
\belowcaptionskip=\skip48
\bibindent=\dimen138
)
(e:/texlive/2021/texmf-dist/tex/latex/hyperref/hyperref.sty
Package: hyperref 2021-06-07 v7.00m Hypertext links for LaTeX

(e:/texlive/2021/texmf-dist/tex/generic/ltxcmds/ltxcmds.sty
Package: ltxcmds 2020-05-10 v1.25 LaTeX kernel commands for general use (HO)
)
(e:/texlive/2021/texmf-dist/tex/generic/iftex/iftex.sty
Package: iftex 2020/03/06 v1.0d TeX engine tests
)
(e:/texlive/2021/texmf-dist/tex/generic/pdftexcmds/pdftexcmds.sty
Package: pdftexcmds 2020-06-27 v0.33 Utility functions of pdfTeX for LuaTeX (HO
)

(e:/texlive/2021/texmf-dist/tex/generic/infwarerr/infwarerr.sty
Package: infwarerr 2019/12/03 v1.5 Providing info/warning/error messages (HO)
)
Package pdftexcmds Info: \pdf@primitive is available.
Package pdftexcmds Info: \pdf@ifprimitive is available.
Package pdftexcmds Info: \pdfdraftmode found.
)
(e:/texlive/2021/texmf-dist/tex/latex/graphics/keyval.sty
Package: keyval 2014/10/28 v1.15 key=value parser (DPC)
\KV@toks@=\toks16
)
(e:/texlive/2021/texmf-dist/tex/generic/kvsetkeys/kvsetkeys.sty
Package: kvsetkeys 2019/12/15 v1.18 Key value parser (HO)
)
(e:/texlive/2021/texmf-dist/tex/generic/kvdefinekeys/kvdefinekeys.sty
Package: kvdefinekeys 2019-12-19 v1.6 Define keys (HO)
)
(e:/texlive/2021/texmf-dist/tex/generic/pdfescape/pdfescape.sty
Package: pdfescape 2019/12/09 v1.15 Implements pdfTeX's escape features (HO)
)
(e:/texlive/2021/texmf-dist/tex/latex/hycolor/hycolor.sty
Package: hycolor 2020-01-27 v1.10 Color options for hyperref/bookmark (HO)
)
(e:/texlive/2021/texmf-dist/tex/latex/letltxmacro/letltxmacro.sty
Package: letltxmacro 2019/12/03 v1.6 Let assignment for LaTeX macros (HO)
)
(e:/texlive/2021/texmf-dist/tex/latex/auxhook/auxhook.sty
Package: auxhook 2019-12-17 v1.6 Hooks for auxiliary files (HO)
)
(e:/texlive/2021/texmf-dist/tex/latex/kvoptions/kvoptions.sty
Package: kvoptions 2020-10-07 v3.14 Key value format for package options (HO)
)
\@linkdim=\dimen139
\Hy@linkcounter=\count190
\Hy@pagecounter=\count191

(e:/texlive/2021/texmf-dist/tex/latex/hyperref/pd1enc.def
File: pd1enc.def 2021-06-07 v7.00m Hyperref: PDFDocEncoding definition (HO)
Now handling font encoding PD1 ...
... no UTF-8 mapping file for font encoding PD1
)
(e:/texlive/2021/texmf-dist/tex/latex/hyperref/hyperref-langpatches.def
File: hyperref-langpatches.def 2021-06-07 v7.00m Hyperref: patches for babel la
nguages
)
(e:/texlive/2021/texmf-dist/tex/generic/intcalc/intcalc.sty
Package: intcalc 2019/12/15 v1.3 Expandable calculations with integers (HO)
)
(e:/texlive/2021/texmf-dist/tex/generic/etexcmds/etexcmds.sty
Package: etexcmds 2019/12/15 v1.7 Avoid name clashes with e-TeX commands (HO)
)
\Hy@SavedSpaceFactor=\count192

(e:/texlive/2021/texmf-dist/tex/latex/hyperref/puenc.def
File: puenc.def 2021-06-07 v7.00m Hyperref: PDF Unicode definition (HO)
Now handling font encoding PU ...
... no UTF-8 mapping file for font encoding PU
)
Package hyperref Info: Option `colorlinks' set `true' on input line 4073.
Package hyperref Info: Hyper figures OFF on input line 4192.
Package hyperref Info: Link nesting OFF on input line 4197.
Package hyperref Info: Hyper index ON on input line 4200.
Package hyperref Info: Plain pages OFF on input line 4207.
Package hyperref Info: Backreferencing OFF on input line 4212.
Package hyperref Info: Implicit mode ON; LaTeX internals redefined.
Package hyperref Info: Bookmarks ON on input line 4445.
\c@Hy@tempcnt=\count193

(e:/texlive/2021/texmf-dist/tex/latex/url/url.sty
\Urlmuskip=\muskip16
Package: url 2013/09/16  ver 3.4  Verb mode for urls, etc.
)
LaTeX Info: Redefining \url on input line 4804.
\XeTeXLinkMargin=\dimen140

(e:/texlive/2021/texmf-dist/tex/generic/bitset/bitset.sty
Package: bitset 2019/12/09 v1.3 Handle bit-vector datatype (HO)

(e:/texlive/2021/texmf-dist/tex/generic/bigintcalc/bigintcalc.sty
Package: bigintcalc 2019/12/15 v1.5 Expandable calculations on big integers (HO
)
))
\Fld@menulength=\count194
\Field@Width=\dimen141
\Fld@charsize=\dimen142
Package hyperref Info: Hyper figures OFF on input line 6076.
Package hyperref Info: Link nesting OFF on input line 6081.
Package hyperref Info: Hyper index ON on input line 6084.
Package hyperref Info: backreferencing OFF on input line 6091.
Package hyperref Info: Link coloring ON on input line 6094.
Package hyperref Info: Link coloring with OCG OFF on input line 6101.
Package hyperref Info: PDF/A mode OFF on input line 6106.
LaTeX Info: Redefining \ref on input line 6146.
LaTeX Info: Redefining \pageref on input line 6150.

(e:/texlive/2021/texmf-dist/tex/latex/base/atbegshi-ltx.sty
Package: atbegshi-ltx 2021/01/10 v1.0c Emulation of the original atbegshi
package with kernel methods
)
\Hy@abspage=\count195
\c@Item=\count196
\c@Hfootnote=\count197
)
Package hyperref Info: Driver (autodetected): hpdftex.

(e:/texlive/2021/texmf-dist/tex/latex/hyperref/hpdftex.def
File: hpdftex.def 2021-06-07 v7.00m Hyperref driver for pdfTeX

(e:/texlive/2021/texmf-dist/tex/latex/base/atveryend-ltx.sty
Package: atveryend-ltx 2020/08/19 v1.0a Emulation of the original atvery packag
e
with kernel methods
)
\Fld@listcount=\count198
\c@bookmark@seq@number=\count199

(e:/texlive/2021/texmf-dist/tex/latex/rerunfilecheck/rerunfilecheck.sty
Package: rerunfilecheck 2019/12/05 v1.9 Rerun checks for auxiliary files (HO)

(e:/texlive/2021/texmf-dist/tex/generic/uniquecounter/uniquecounter.sty
Package: uniquecounter 2019/12/15 v1.4 Provide unlimited unique counter (HO)
)
Package uniquecounter Info: New unique counter `rerunfilecheck' on input line 2
86.
)
\Hy@SectionHShift=\skip49
)
(e:/texlive/2021/texmf-dist/tex/latex/base/inputenc.sty
Package: inputenc 2021/02/14 v1.3d Input encoding file
\inpenc@prehook=\toks17
\inpenc@posthook=\toks18
)
(e:/texlive/2021/texmf-dist/tex/latex/subfig/subfig.sty
Package: subfig 2005/06/28 ver: 1.3 subfig package

(e:/texlive/2021/texmf-dist/tex/latex/caption/caption.sty
Package: caption 2020/10/26 v3.5g Customizing captions (AR)

(e:/texlive/2021/texmf-dist/tex/latex/caption/caption3.sty
Package: caption3 2020/10/21 v2.2e caption3 kernel (AR)
\captionmargin=\dimen143
\captionmargin@=\dimen144
\captionwidth=\dimen145
\caption@tempdima=\dimen146
\caption@indent=\dimen147
\caption@parindent=\dimen148
\caption@hangindent=\dimen149
Package caption Info: Standard document class detected.
)
\c@caption@flags=\count266
\c@continuedfloat=\count267
Package caption Info: hyperref package is loaded.
)
\c@KVtest=\count268
\sf@farskip=\skip50
\sf@captopadj=\dimen150
\sf@capskip=\skip51
\sf@nearskip=\skip52
\c@subfigure=\count269
\c@subfigure@save=\count270
\c@lofdepth=\count271
\c@subtable=\count272
\c@subtable@save=\count273
\c@lotdepth=\count274
\sf@top=\skip53
\sf@bottom=\skip54
)
(e:/texlive/2021/texmf-dist/tex/latex/natbib/natbib.sty
Package: natbib 2010/09/13 8.31b (PWD, AO)
\bibhang=\skip55
\bibsep=\skip56
LaTeX Info: Redefining \cite on input line 694.
\c@NAT@ctr=\count275
)
(e:/texlive/2021/texmf-dist/tex/latex/xcolor/xcolor.sty
Package: xcolor 2016/05/11 v2.12 LaTeX color extensions (UK)

(e:/texlive/2021/texmf-dist/tex/latex/graphics-cfg/color.cfg
File: color.cfg 2016/01/02 v1.6 sample color configuration
)
Package xcolor Info: Driver file: pdftex.def on input line 225.

(e:/texlive/2021/texmf-dist/tex/latex/graphics-def/pdftex.def
File: pdftex.def 2020/10/05 v1.2a Graphics/color driver for pdftex
)
Package xcolor Info: Model `cmy' substituted by `cmy0' on input line 1348.
Package xcolor Info: Model `hsb' substituted by `rgb' on input line 1352.
Package xcolor Info: Model `RGB' extended on input line 1364.
Package xcolor Info: Model `HTML' substituted by `rgb' on input line 1366.
Package xcolor Info: Model `Hsb' substituted by `hsb' on input line 1367.
Package xcolor Info: Model `tHsb' substituted by `hsb' on input line 1368.
Package xcolor Info: Model `HSB' substituted by `hsb' on input line 1369.
Package xcolor Info: Model `Gray' substituted by `gray' on input line 1370.
Package xcolor Info: Model `wave' substituted by `hsb' on input line 1371.
)
(e:/texlive/2021/texmf-dist/tex/latex/microtype/microtype.sty
Package: microtype 2021/03/14 v2.8c Micro-typographical refinements (RS)
\MT@toks=\toks19
\MT@count=\count276
LaTeX Info: Redefining \textls on input line 790.
\MT@outer@kern=\dimen151
LaTeX Info: Redefining \textmicrotypecontext on input line 1374.
\MT@listname@count=\count277

(e:/texlive/2021/texmf-dist/tex/latex/microtype/microtype-pdftex.def
File: microtype-pdftex.def 2021/03/14 v2.8c Definitions specific to pdftex (RS)

LaTeX Info: Redefining \lsstyle on input line 915.
LaTeX Info: Redefining \lslig on input line 915.
\MT@outer@space=\skip57
)
Package microtype Info: Loading configuration file microtype.cfg.

(e:/texlive/2021/texmf-dist/tex/latex/microtype/microtype.cfg
File: microtype.cfg 2021/03/14 v2.8c microtype main configuration file (RS)
))
(e:/texlive/2021/texmf-dist/tex/latex/minted/minted.sty
Package: minted 2017/07/19 v2.5 Yet another Pygments shim for LaTeX

(e:/texlive/2021/texmf-dist/tex/latex/fvextra/fvextra.sty
Package: fvextra 2019/02/04 v1.4 fvextra - extensions and patches for fancyvrb

(e:/texlive/2021/texmf-dist/tex/latex/base/ifthen.sty
Package: ifthen 2020/11/24 v1.1c Standard LaTeX ifthen package (DPC)
)
(e:/texlive/2021/texmf-dist/tex/latex/etoolbox/etoolbox.sty
Package: etoolbox 2020/10/05 v2.5k e-TeX tools for LaTeX (JAW)
\etb@tempcnta=\count278
)
(e:/texlive/2021/texmf-dist/tex/latex/fancyvrb/fancyvrb.sty
Package: fancyvrb 2021/10/15 v3.9 verbatim text (tvz,hv)
\FV@CodeLineNo=\count279
\FV@InFile=\read2
\FV@TabBox=\box50
\c@FancyVerbLine=\count280
\FV@StepNumber=\count281
\FV@OutFile=\write3
)
(e:/texlive/2021/texmf-dist/tex/latex/upquote/upquote.sty
Package: upquote 2012/04/19 v1.3 upright-quote and grave-accent glyphs in verba
tim
)
(e:/texlive/2021/texmf-dist/tex/latex/lineno/lineno.sty
Package: lineno 2005/11/02 line numbers on paragraphs v4.41
\linenopenalty=\count282
\output=\toks20
\linenoprevgraf=\count283
\linenumbersep=\dimen152
\linenumberwidth=\dimen153
\c@linenumber=\count284
\c@pagewiselinenumber=\count285
\c@LN@truepage=\count286
\c@internallinenumber=\count287
\c@internallinenumbers=\count288
\quotelinenumbersep=\dimen154
\bframerule=\dimen155
\bframesep=\dimen156
\bframebox=\box51
LaTeX Info: Redefining \\ on input line 3056.
)
\c@FV@TrueTabGroupLevel=\count289
\c@FV@TrueTabCounter=\count290
\FV@TabBox@Group=\box52
\FV@TmpLength=\skip58
\c@FV@HighlightLinesStart=\count291
\c@FV@HighlightLinesStop=\count292
\FV@LoopCount=\count293
\FV@NCharsBox=\box53
\FV@BreakIndent=\dimen157
\FV@BreakIndentNChars=\count294
\FV@BreakSymbolSepLeft=\dimen158
\FV@BreakSymbolSepLeftNChars=\count295
\FV@BreakSymbolSepRight=\dimen159
\FV@BreakSymbolSepRightNChars=\count296
\FV@BreakSymbolIndentLeft=\dimen160
\FV@BreakSymbolIndentLeftNChars=\count297
\FV@BreakSymbolIndentRight=\dimen161
\FV@BreakSymbolIndentRightNChars=\count298
\c@FancyVerbLineBreakLast=\count299
\FV@LineBox=\box54
\FV@LineIndentBox=\box55
\FV@LineWidth=\dimen162
)
(e:/texlive/2021/texmf-dist/tex/latex/tools/calc.sty
Package: calc 2017/05/25 v4.3 Infix arithmetic (KKT,FJ)
\calc@Acount=\count300
\calc@Bcount=\count301
\calc@Adimen=\dimen163
\calc@Bdimen=\dimen164
\calc@Askip=\skip59
\calc@Bskip=\skip60
LaTeX Info: Redefining \setlength on input line 80.
LaTeX Info: Redefining \addtolength on input line 81.
\calc@Ccount=\count302
\calc@Cskip=\skip61
)
(e:/texlive/2021/texmf-dist/tex/latex/tools/shellesc.sty
Package: shellesc 2019/11/08 v1.0c unified shell escape interface for LaTeX
Package shellesc Info: Unrestricted shell escape enabled on input line 75.
)
(e:/texlive/2021/texmf-dist/tex/latex/ifplatform/ifplatform.sty
Package: ifplatform 2017/10/13 v0.4a Testing for the operating system

(e:/texlive/2021/texmf-dist/tex/generic/catchfile/catchfile.sty
Package: catchfile 2019/12/09 v1.8 Catch the contents of a file (HO)
)
(e:/texlive/2021/texmf-dist/tex/generic/iftex/ifluatex.sty
Package: ifluatex 2019/10/25 v1.5 ifluatex legacy package. Use iftex instead.
))
(e:/texlive/2021/texmf-dist/tex/generic/xstring/xstring.sty
(e:/texlive/2021/texmf-dist/tex/generic/xstring/xstring.tex
\integerpart=\count303
\decimalpart=\count304
)
Package: xstring 2021/07/21 v1.84 String manipulations (CT)
)
(e:/texlive/2021/texmf-dist/tex/latex/framed/framed.sty
Package: framed 2011/10/22 v 0.96: framed or shaded text with page breaks
\OuterFrameSep=\skip62
\fb@frw=\dimen165
\fb@frh=\dimen166
\FrameRule=\dimen167
\FrameSep=\dimen168
)
(e:/texlive/2021/texmf-dist/tex/latex/float/float.sty
Package: float 2001/11/08 v1.3d Float enhancements (AL)
\c@float@type=\count305
\float@exts=\toks21
\float@box=\box56
\@float@everytoks=\toks22
\@floatcapt=\box57
)
\minted@appexistsfile=\read3
\minted@bgbox=\box58
\minted@code=\write4
\c@minted@FancyVerbLineTemp=\count306
\c@minted@pygmentizecounter=\count307
\@float@every@listing=\toks23
\c@listing=\count308
)
runsystem(if not exist cache\_minted-writeup mkdir cache\_minted-writeup)...exe
cuted.


(e:/texlive/2021/texmf-dist/tex/latex/geometry/geometry.sty
Package: geometry 2020/01/02 v5.9 Page Geometry

(e:/texlive/2021/texmf-dist/tex/generic/iftex/ifvtex.sty
Package: ifvtex 2019/10/25 v1.7 ifvtex legacy package. Use iftex instead.
)
\Gm@cnth=\count309
\Gm@cntv=\count310
\c@Gm@tempcnt=\count311
\Gm@bindingoffset=\dimen169
\Gm@wd@mp=\dimen170
\Gm@odd@mp=\dimen171
\Gm@even@mp=\dimen172
\Gm@layoutwidth=\dimen173
\Gm@layoutheight=\dimen174
\Gm@layouthoffset=\dimen175
\Gm@layoutvoffset=\dimen176
\Gm@dimlist=\toks24
)
(e:/texlive/2021/texmf-dist/tex/latex/graphics/graphicx.sty
Package: graphicx 2020/12/05 v1.2c Enhanced LaTeX Graphics (DPC,SPQR)

(e:/texlive/2021/texmf-dist/tex/latex/graphics/graphics.sty
Package: graphics 2021/03/04 v1.4d Standard LaTeX Graphics (DPC,SPQR)

(e:/texlive/2021/texmf-dist/tex/latex/graphics/trig.sty
Package: trig 2016/01/03 v1.10 sin cos tan (DPC)
)
(e:/texlive/2021/texmf-dist/tex/latex/graphics-cfg/graphics.cfg
File: graphics.cfg 2016/06/04 v1.11 sample graphics configuration
)
Package graphics Info: Driver file: pdftex.def on input line 107.
)
\Gin@req@height=\dimen177
\Gin@req@width=\dimen178
)
(e:/texlive/2021/texmf-dist/tex/latex/titling/titling.sty
Package: titling 2009/09/04 v2.1d maketitle typesetting
\thanksmarkwidth=\skip63
\thanksmargin=\skip64
\droptitle=\skip65
)
runsystem(for ^%i in (pygmentize.exe pygmentize.bat pygmentize.cmd) do set > wr
iteup.aex <nul: /p x=^%~$PATH:i>> writeup.aex)...executed.

runsystem(del writeup.aex)...executed.


(e:/texlive/2021/texmf-dist/tex/latex/l3backend/l3backend-pdftex.def
File: l3backend-pdftex.def 2021-10-18 L3 backend support: PDF output (pdfTeX)
\l__color_backend_stack_int=\count312
\l__pdf_internal_box=\box59
)
(./writeup.aux)
\openout1 = `writeup.aux'.

LaTeX Font Info:    Checking defaults for OML/cmm/m/it on input line 68.
LaTeX Font Info:    ... okay on input line 68.
LaTeX Font Info:    Checking defaults for OMS/cmsy/m/n on input line 68.
LaTeX Font Info:    ... okay on input line 68.
LaTeX Font Info:    Checking defaults for OT1/cmr/m/n on input line 68.
LaTeX Font Info:    ... okay on input line 68.
LaTeX Font Info:    Checking defaults for T1/cmr/m/n on input line 68.
LaTeX Font Info:    ... okay on input line 68.
LaTeX Font Info:    Checking defaults for TS1/cmr/m/n on input line 68.
LaTeX Font Info:    ... okay on input line 68.
LaTeX Font Info:    Checking defaults for OMX/cmex/m/n on input line 68.
LaTeX Font Info:    ... okay on input line 68.
LaTeX Font Info:    Checking defaults for U/cmr/m/n on input line 68.
LaTeX Font Info:    ... okay on input line 68.
LaTeX Font Info:    Checking defaults for PD1/pdf/m/n on input line 68.
LaTeX Font Info:    ... okay on input line 68.
LaTeX Font Info:    Checking defaults for PU/pdf/m/n on input line 68.
LaTeX Font Info:    ... okay on input line 68.
Package hyperref Info: Link coloring ON on input line 68.
 (e:/texlive/2021/texmf-dist/tex/latex/hyperref/nameref.sty
Package: nameref 2021-04-02 v2.47 Cross-referencing by name of section

(e:/texlive/2021/texmf-dist/tex/latex/refcount/refcount.sty
Package: refcount 2019/12/15 v3.6 Data extraction from label references (HO)
)
(e:/texlive/2021/texmf-dist/tex/generic/gettitlestring/gettitlestring.sty
Package: gettitlestring 2019/12/15 v1.6 Cleanup title references (HO)
)
\c@section@level=\count313
)
LaTeX Info: Redefining \ref on input line 68.
LaTeX Info: Redefining \pageref on input line 68.
LaTeX Info: Redefining \nameref on input line 68.

(./writeup.out) (./writeup.out)
\@outlinefile=\write5
\openout5 = `writeup.out'.

Package caption Info: Begin \AtBeginDocument code.
Package caption Info: subfig package v1.3 is loaded.
Package caption Info: float package is loaded.
Package caption Info: End \AtBeginDocument code.

(e:/texlive/2021/texmf-dist/tex/context/base/mkii/supp-pdf.mkii
[Loading MPS to PDF converter (version 2006.09.02).]
\scratchcounter=\count314
\scratchdimen=\dimen179
\scratchbox=\box60
\nofMPsegments=\count315
\nofMParguments=\count316
\everyMPshowfont=\toks25
\MPscratchCnt=\count317
\MPscratchDim=\dimen180
\MPnumerator=\count318
\makeMPintoPDFobject=\count319
\everyMPtoPDFconversion=\toks26
) (e:/texlive/2021/texmf-dist/tex/latex/epstopdf-pkg/epstopdf-base.sty
Package: epstopdf-base 2020-01-24 v2.11 Base part for package epstopdf
Package epstopdf-base Info: Redefining graphics rule for `.eps' on input line 4
85.

(e:/texlive/2021/texmf-dist/tex/latex/latexconfig/epstopdf-sys.cfg
File: epstopdf-sys.cfg 2010/07/13 v1.3 Configuration of (r)epstopdf for TeX Liv
e
))
LaTeX Info: Redefining \microtypecontext on input line 68.
Package microtype Info: Generating PDF output.
Package microtype Info: Character protrusion enabled (level 2).
Package microtype Info: Using default protrusion set `alltext'.
Package microtype Info: Automatic font expansion enabled (level 2),
(microtype)             stretch: 20, shrink: 20, step: 1, non-selected.
Package microtype Info: Using default expansion set `alltext-nott'.
LaTeX Info: Redefining \showhyphens on input line 68.
Package microtype Info: No adjustment of tracking.
Package microtype Info: No adjustment of interword spacing.
Package microtype Info: No adjustment of character kerning.

(e:/texlive/2021/texmf-dist/tex/latex/microtype/mt-cmr.cfg
File: mt-cmr.cfg 2013/05/19 v2.2 microtype config. file: Computer Modern Roman 
(RS)
)
*geometry* driver: auto-detecting
*geometry* detected driver: pdftex
*geometry* verbose mode - [ preamble ] result:
* driver: pdftex
* paper: a4paper
* layout: <same size as paper>
* layoutoffset:(h,v)=(0.0pt,0.0pt)
* modes: 
* h-part:(L,W,R)=(56.9055pt, 483.69684pt, 56.90553pt)
* v-part:(T,H,B)=(45.52438pt, 731.23582pt, 68.28664pt)
* \paperwidth=597.50787pt
* \paperheight=845.04684pt
* \textwidth=483.69684pt
* \textheight=731.23582pt
* \oddsidemargin=-15.36449pt
* \evensidemargin=-15.36449pt
* \topmargin=-63.7456pt
* \headheight=12.0pt
* \headsep=25.0pt
* \topskip=10.0pt
* \footskip=30.0pt
* \marginparwidth=65.0pt
* \marginparsep=11.0pt
* \columnsep=10.0pt
* \skip\footins=9.0pt plus 4.0pt minus 2.0pt
* \hoffset=0.0pt
* \voffset=0.0pt
* \mag=1000
* \@twocolumnfalse
* \@twosidefalse
* \@mparswitchfalse
* \@reversemarginfalse
* (1in=72.27pt=25.4mm, 1cm=28.453pt)

LaTeX Font Info:    External font `cmex10' loaded for size
(Font)              <12> on input line 69.
LaTeX Font Info:    External font `cmex10' loaded for size
(Font)              <8> on input line 69.
LaTeX Font Info:    External font `cmex10' loaded for size
(Font)              <6> on input line 69.
<./images//final1.png, id=66, 2938.98pt x 1668.2325pt>
File: ./images//final1.png Graphic file (type png)
<use ./images//final1.png>
Package pdftex.def Info: ./images//final1.png  used on input line 77.
(pdftex.def)             Requested size: 338.5863pt x 192.18634pt.
<./images//worldmap.png, id=69, 3387.65625pt x 1951.29pt>
File: ./images//worldmap.png Graphic file (type png)
<use ./images//worldmap.png>
Package pdftex.def Info: ./images//worldmap.png  used on input line 82.
(pdftex.def)             Requested size: 338.5863pt x 195.02133pt.
[1

{e:/texlive/2021/texmf-var/fonts/map/pdftex/updmap/pdftex.map} <./images//final
1.png> <./images//worldmap.png>]
<./images//colliders.png, id=83, 735.49782pt x 348.55219pt>
File: ./images//colliders.png Graphic file (type png)
<use ./images//colliders.png>
Package pdftex.def Info: ./images//colliders.png  used on input line 95.
(pdftex.def)             Requested size: 338.5863pt x 160.45827pt.
<./images//linerendererdemo.png, id=84, 570.63188pt x 310.91156pt>
File: ./images//linerendererdemo.png Graphic file (type png)
<use ./images//linerendererdemo.png>
Package pdftex.def Info: ./images//linerendererdemo.png  used on input line 100
.
(pdftex.def)             Requested size: 338.5863pt x 184.47992pt.
 [2 <./images//colliders.png> <./images//linerendererdemo.png>]
<./images//flagsheet.png, id=92, 578.16pt x 224.84pt>
File: ./images//flagsheet.png Graphic file (type png)
<use ./images//flagsheet.png>
Package pdftex.def Info: ./images//flagsheet.png  used on input line 107.
(pdftex.def)             Requested size: 338.5863pt x 131.66982pt.
<./images//animationTree.png, id=93, 495.35063pt x 344.03531pt>
File: ./images//animationTree.png Graphic file (type png)
<use ./images//animationTree.png>
Package pdftex.def Info: ./images//animationTree.png  used on input line 114.
(pdftex.def)             Requested size: 241.84842pt x 167.96982pt.
<./images//dice.png, id=94, 252.945pt x 72.27pt>
File: ./images//dice.png Graphic file (type png)
<use ./images//dice.png>
Package pdftex.def Info: ./images//dice.png  used on input line 120.
(pdftex.def)             Requested size: 362.77263pt x 103.65186pt.
 [3 <./images//flagsheet.png> <./images//animationTree.png> <./images//dice.png
>]
<./images//mainMenu.png, id=105, 587.94656pt x 374.90062pt>
File: ./images//mainMenu.png Graphic file (type png)
<use ./images//mainMenu.png>
Package pdftex.def Info: ./images//mainMenu.png  used on input line 128.
(pdftex.def)             Requested size: 217.6621pt x 138.79114pt.
LaTeX Font Info:    External font `cmex10' loaded for size
(Font)              <7> on input line 129.
LaTeX Font Info:    External font `cmex10' loaded for size
(Font)              <5> on input line 129.
<./images//prog2.png, id=106, 1227.08438pt x 555.57562pt>
File: ./images//prog2.png Graphic file (type png)
<use ./images//prog2.png>
Package pdftex.def Info: ./images//prog2.png  used on input line 131.
(pdftex.def)             Requested size: 217.6621pt x 98.54118pt.
<./images//prog3.png, id=107, 1207.51125pt x 542.77782pt>
File: ./images//prog3.png Graphic file (type png)
<use ./images//prog3.png>
Package pdftex.def Info: ./images//prog3.png  used on input line 134.
(pdftex.def)             Requested size: 217.6621pt x 97.83658pt.
<./images//prog4.png, id=108, 1172.12906pt x 575.14874pt>
File: ./images//prog4.png Graphic file (type png)
<use ./images//prog4.png>
Package pdftex.def Info: ./images//prog4.png  used on input line 137.
(pdftex.def)             Requested size: 217.6621pt x 106.79576pt.
 [4 <./images//mainMenu.png> <./images//prog2.png> <./images//prog3.png> <./ima
ges//prog4.png>]
runsystem(pygmentize -S default -f latex -P commandprefix=PYG > cache\_minted-w
riteup\default-pyg-prefix.pygstyle)...executed.


(./cache/_minted-writeup/default-pyg-prefix.pygstyle)
runsystem(pygmentize -S fruity -f latex -P commandprefix=PYGfruity > cache\_min
ted-writeup\fruity.pygstyle)...executed.


(./cache/_minted-writeup/fruity.pygstyle)
runsystem(pygmentize -l csharp -f latex -P commandprefix=PYG -F tokenmerge -o c
ache/_minted-writeup/376F567C546D0C879EC10B3F6D06F5E5D72B8686191C97F18455FB6970
1BC08B.pygtex GameManagerScript.cs)...executed.


(./cache/_minted-writeup/376F567C546D0C879EC10B3F6D06F5E5D72B8686191C97F18455FB
69701BC08B.pygtex
Package microtype Info: Loading generic protrusion settings for font family
(microtype)             `cmtt' (encoding: OT1).
(microtype)             For optimal results, create family-specific settings.
(microtype)             See the microtype manual for details.
LaTeX Font Info:    Font shape `OT1/cmtt/bx/n' in size <10> not available
(Font)              Font shape `OT1/cmtt/m/n' tried instead on input line 2.

Overfull \hbox (22.78493pt too wide) in paragraph at lines 81--81
|| | |[][][][][][][]|  
 []


Overfull \hbox (35.74869pt too wide) in paragraph at lines 128--128
[]\OT1/cmtt/m/n/10 ![][]selected[][].[][]GetComponent[][]<[][]Province[][]>().[
][]Color[][].[][]Equals[][]([][]selected2[][].[][]GetComponent[][]<[][]Province
[][]>().[][]Color[][]))[] 
 []


Overfull \hbox (101.53424pt too wide) in paragraph at lines 152--152
|| | |[][][][][][][][]|  
 []


Overfull \hbox (189.04735pt too wide) in paragraph at lines 191--191
|| | |[][][][][]\OT1/cmtt/m/n/10 TeamTerritories[][][[][]playerColors[][].[][]I
ndexOf[][]([][]selected[][].[][]GetComponent[][]<[][]Province[][]>().[][]Color[
][])].[][]Add[][]([][]selected2[][].[][]GetComponent[][]<[][]Province[][]>());[
]|  
 []


Overfull \hbox (21.04881pt too wide) in paragraph at lines 192--192
|| | |[][][][][]\OT1/cmtt/m/n/10 TeamTerritories[][][[][]playerColors[][].[][]I
ndexOf[][]([][]temp[][])].[][]Remove[][]([][]selected2[][].[][]GetComponent[][]
<[][]Province[][]>());[]|  
 []


Overfull \hbox (30.49873pt too wide) in paragraph at lines 243--243
[]\OT1/cmtt/m/n/10 selected2[][].[][]GetComponent[][]<[][]Province[][]>().[][]C
olor[][].[][]Equals[][]([][]selected[][].[][]GetComponent[][]<[][]Province[][]>
().[][]Color[][]))[] 
 []


Overfull \hbox (400.78163pt too wide) in paragraph at lines 648--648
|| | |[][][][][][][][]|  
 []


Overfull \hbox (4.24896pt too wide) in paragraph at lines 666--666
[]\OT1/cmtt/m/n/10 selected[][].[][]GetComponent[][]<[][]Province[][]>().[][]Co
lor[][].[][]Equals[][]([][]playerColors[][][[][]currentPlayer[][]]))[] 
 []


Overfull \hbox (4.24896pt too wide) in paragraph at lines 685--685
[]\OT1/cmtt/m/n/10 selected[][].[][]GetComponent[][]<[][]Province[][]>().[][]Co
lor[][].[][]Equals[][]([][]playerColors[][][[][]currentPlayer[][]]))[] 
 []

) [5]
Underfull \vbox (badness 10000) detected at line 163
 []


Underfull \vbox (badness 10000) detected at line 163
 []

[6]
Underfull \vbox (badness 10000) detected at line 163
 []


Underfull \vbox (badness 10000) detected at line 163
 []

[7]
Underfull \vbox (badness 10000) detected at line 163
 []


Underfull \vbox (badness 10000) detected at line 163
 []

[8]
Underfull \vbox (badness 10000) detected at line 163
 []


Underfull \vbox (badness 10000) detected at line 163
 []

[9]
Underfull \vbox (badness 10000) detected at line 163
 []


Overfull \vbox (10.76418pt too high) detected at line 163
 []

[10]
Underfull \vbox (badness 10000) detected at line 163
 []


Underfull \vbox (badness 10000) detected at line 163
 []

[11]
Underfull \vbox (badness 10000) detected at line 163
 []


Underfull \vbox (badness 10000) detected at line 163
 []

[12]
Underfull \vbox (badness 10000) detected at line 163
 []


Underfull \vbox (badness 10000) detected at line 163
 []

[13]
Underfull \vbox (badness 10000) detected at line 163
 []


Underfull \vbox (badness 10000) detected at line 163
 []

[14]
Underfull \vbox (badness 10000) detected at line 163
 []


Underfull \vbox (badness 10000) detected at line 163
 []

[15]
Underfull \vbox (badness 10000) detected at line 163
 []


Underfull \vbox (badness 10000) detected at line 163
 []

[16]
Underfull \vbox (badness 10000) detected at line 163
 []


Underfull \vbox (badness 10000) detected at line 163
 []

[17]
runsystem(pygmentize -l csharp -f latex -P commandprefix=PYG -F tokenmerge -o c
ache/_minted-writeup/385D454D66C29B16295288AF0959A27B9A66B8B1F2D41A1ECA86255BA2
635211.pygtex DiceRoller.cs)...executed.


(./cache/_minted-writeup/385D454D66C29B16295288AF0959A27B9A66B8B1F2D41A1ECA8625
5BA2635211.pygtex) [18]
runsystem(pygmentize -l csharp -f latex -P commandprefix=PYG -F tokenmerge -o c
ache/_minted-writeup/A01E828F6F7414AB5A5ED93677FB9CE098DF0149C90E56B1C821CCD528
B499DB.pygtex Province.cs)...executed.


(./cache/_minted-writeup/A01E828F6F7414AB5A5ED93677FB9CE098DF0149C90E56B1C821CC
D528B499DB.pygtex
Overfull \hbox (238.03305pt too wide) in paragraph at lines 35--35
|| | |[][][][][][][][]|  
 []


Overfull \hbox (217.03323pt too wide) in paragraph at lines 36--36
|| | |[][][][][][][][]|  
 []


Overfull \hbox (117.2841pt too wide) in paragraph at lines 37--37
|| | |[][][][][][][][]|  
 []


Overfull \hbox (169.78365pt too wide) in paragraph at lines 65--65
|| | |[][][][][][][][]|  
 []

) [19]
No file writeup.bbl.
[20] (./writeup.aux)

Package rerunfilecheck Warning: File `writeup.out' has changed.
(rerunfilecheck)                Rerun to get outlines right
(rerunfilecheck)                or use package `bookmark'.

Package rerunfilecheck Info: Checksums for `writeup.out':
(rerunfilecheck)             Before: C1F5704FE97C6702C3F918E5F39D3A95;1848
(rerunfilecheck)             After:  69E9DDFC9AC20EA609E4ACEF71E57477;2285.
 ) 
Here is how much of TeX's memory you used:
 15686 strings out of 478579
 260001 string characters out of 5857457
 986113 words of memory out of 5000000
 33228 multiletter control sequences out of 15000+600000
 411299 words of font info for 91 fonts, out of 8000000 for 9000
 1141 hyphenation exceptions out of 8191
 69i,9n,79p,700b,642s stack positions out of 5000i,500n,10000p,200000b,80000s
{e:/texlive/2021/texmf-dist/fonts/enc/dvips/cm-super/cm-super-ts1.enc}<e:/tex
live/2021/texmf-dist/fonts/type1/public/amsfonts/cm/cmbx10.pfb><e:/texlive/2021
/texmf-dist/fonts/type1/public/amsfonts/cm/cmbx12.pfb><e:/texlive/2021/texmf-di
st/fonts/type1/public/amsfonts/cm/cmitt10.pfb><e:/texlive/2021/texmf-dist/fonts
/type1/public/amsfonts/cm/cmmi5.pfb><e:/texlive/2021/texmf-dist/fonts/type1/pub
lic/amsfonts/cm/cmr10.pfb><e:/texlive/2021/texmf-dist/fonts/type1/public/amsfon
ts/cm/cmr12.pfb><e:/texlive/2021/texmf-dist/fonts/type1/public/amsfonts/cm/cmr1
7.pfb><e:/texlive/2021/texmf-dist/fonts/type1/public/amsfonts/cm/cmr5.pfb><e:/t
exlive/2021/texmf-dist/fonts/type1/public/amsfonts/cm/cmsy5.pfb><e:/texlive/202
1/texmf-dist/fonts/type1/public/amsfonts/cm/cmti10.pfb><e:/texlive/2021/texmf-d
ist/fonts/type1/public/amsfonts/cm/cmtt10.pfb><e:/texlive/2021/texmf-dist/fonts
/type1/public/cm-super/sfrm1000.pfb>
Output written on writeup.pdf (20 pages, 1371437 bytes).
PDF statistics:
 258 PDF objects out of 1000 (max. 8388607)
 194 compressed objects within 2 object streams
 48 named destinations out of 1000 (max. 500000)
 28336 words of extra memory for PDF output out of 29859 (max. 10000000)

